{"/Users/bogom/Desktop/nest-auth/client/src/App.tsx": {"path":"/Users/bogom/Desktop/nest-auth/client/src/App.tsx","statementMap":{"0":{"start":{"line":17,"column":41},"end":{"line":17,"column":50}},"1":{"start":{"line":19,"column":2},"end":{"line":21,"column":8}},"2":{"start":{"line":20,"column":4},"end":{"line":20,"column":64}},"3":{"start":{"line":20,"column":53},"end":{"line":20,"column":64}},"4":{"start":{"line":23,"column":2},"end":{"line":28,"column":5}},"5":{"start":{"line":24,"column":4},"end":{"line":28,"column":5}},"6":{"start":{"line":29,"column":2},"end":{"line":59,"column":3}}},"fnMap":{"0":{"name":"App","decl":{"start":{"line":16,"column":9},"end":{"line":16,"column":12}},"loc":{"start":{"line":16,"column":15},"end":{"line":60,"column":1}},"line":16},"1":{"name":"(anonymous_1)","decl":{"start":{"line":19,"column":12},"end":{"line":19,"column":13}},"loc":{"start":{"line":19,"column":18},"end":{"line":21,"column":3}},"line":19}},"branchMap":{"0":{"loc":{"start":{"line":20,"column":4},"end":{"line":20,"column":64}},"type":"if","locations":[{"start":{"line":20,"column":4},"end":{"line":20,"column":64}},{"start":{},"end":{}}],"line":20},"1":{"loc":{"start":{"line":20,"column":8},"end":{"line":20,"column":51}},"type":"binary-expr","locations":[{"start":{"line":20,"column":8},"end":{"line":20,"column":13}},{"start":{"line":20,"column":17},"end":{"line":20,"column":51}}],"line":20},"2":{"loc":{"start":{"line":23,"column":2},"end":{"line":28,"column":5}},"type":"if","locations":[{"start":{"line":23,"column":2},"end":{"line":28,"column":5}},{"start":{},"end":{}}],"line":23}},"s":{"0":0,"1":0,"2":0,"3":0,"4":0,"5":0,"6":0},"f":{"0":0,"1":0},"b":{"0":[0,0],"1":[0,0],"2":[0,0]}}
,"/Users/bogom/Desktop/nest-auth/client/src/vite-env.d.ts": {"path":"/Users/bogom/Desktop/nest-auth/client/src/vite-env.d.ts","statementMap":{},"fnMap":{},"branchMap":{},"s":{},"f":{},"b":{}}
,"/Users/bogom/Desktop/nest-auth/client/src/assets/auth-layout.tsx": {"path":"/Users/bogom/Desktop/nest-auth/client/src/assets/auth-layout.tsx","statementMap":{"0":{"start":{"line":5,"column":19},"end":{"line":5,"column":28}},"1":{"start":{"line":6,"column":2},"end":{"line":6,"column":46}},"2":{"start":{"line":6,"column":12},"end":{"line":6,"column":46}},"3":{"start":{"line":7,"column":2},"end":{"line":11,"column":3}}},"fnMap":{"0":{"name":"AuthLayout","decl":{"start":{"line":4,"column":24},"end":{"line":4,"column":34}},"loc":{"start":{"line":4,"column":37},"end":{"line":12,"column":1}},"line":4}},"branchMap":{"0":{"loc":{"start":{"line":6,"column":2},"end":{"line":6,"column":46}},"type":"if","locations":[{"start":{"line":6,"column":2},"end":{"line":6,"column":46}},{"start":{},"end":{}}],"line":6}},"s":{"0":0,"1":0,"2":0,"3":0},"f":{"0":0},"b":{"0":[0,0]}}
,"/Users/bogom/Desktop/nest-auth/client/src/assets/google-route.tsx": {"path":"/Users/bogom/Desktop/nest-auth/client/src/assets/google-route.tsx","statementMap":{"0":{"start":{"line":8,"column":25},"end":{"line":8,"column":42}},"1":{"start":{"line":9,"column":21},"end":{"line":9,"column":30}},"2":{"start":{"line":10,"column":16},"end":{"line":10,"column":41}},"3":{"start":{"line":11,"column":19},"end":{"line":11,"column":32}},"4":{"start":{"line":13,"column":2},"end":{"line":17,"column":8}},"5":{"start":{"line":14,"column":4},"end":{"line":16,"column":5}},"6":{"start":{"line":15,"column":6},"end":{"line":15,"column":53}},"7":{"start":{"line":15,"column":31},"end":{"line":15,"column":52}},"8":{"start":{"line":19,"column":2},"end":{"line":23,"column":3}}},"fnMap":{"0":{"name":"GoogleRoute","decl":{"start":{"line":7,"column":24},"end":{"line":7,"column":35}},"loc":{"start":{"line":7,"column":38},"end":{"line":24,"column":1}},"line":7},"1":{"name":"(anonymous_1)","decl":{"start":{"line":13,"column":12},"end":{"line":13,"column":13}},"loc":{"start":{"line":13,"column":18},"end":{"line":17,"column":3}},"line":13},"2":{"name":"(anonymous_2)","decl":{"start":{"line":15,"column":25},"end":{"line":15,"column":26}},"loc":{"start":{"line":15,"column":31},"end":{"line":15,"column":52}},"line":15}},"branchMap":{"0":{"loc":{"start":{"line":14,"column":4},"end":{"line":16,"column":5}},"type":"if","locations":[{"start":{"line":14,"column":4},"end":{"line":16,"column":5}},{"start":{},"end":{}}],"line":14}},"s":{"0":0,"1":0,"2":0,"3":0,"4":0,"5":0,"6":0,"7":0,"8":0},"f":{"0":0,"1":0,"2":0},"b":{"0":[0,0]}}
,"/Users/bogom/Desktop/nest-auth/client/src/assets/main-layout.tsx": {"path":"/Users/bogom/Desktop/nest-auth/client/src/assets/main-layout.tsx","statementMap":{"0":{"start":{"line":5,"column":2},"end":{"line":12,"column":3}}},"fnMap":{"0":{"name":"MainLayout","decl":{"start":{"line":4,"column":24},"end":{"line":4,"column":34}},"loc":{"start":{"line":4,"column":37},"end":{"line":13,"column":1}},"line":4}},"branchMap":{},"s":{"0":0},"f":{"0":0},"b":{}}
,"/Users/bogom/Desktop/nest-auth/client/src/assets/settings-layout.tsx": {"path":"/Users/bogom/Desktop/nest-auth/client/src/assets/settings-layout.tsx","statementMap":{"0":{"start":{"line":4,"column":2},"end":{"line":8,"column":3}}},"fnMap":{"0":{"name":"SettingLayout","decl":{"start":{"line":3,"column":24},"end":{"line":3,"column":37}},"loc":{"start":{"line":3,"column":40},"end":{"line":9,"column":1}},"line":3}},"branchMap":{},"s":{"0":0},"f":{"0":0},"b":{}}
,"/Users/bogom/Desktop/nest-auth/client/src/components/auth/social.tsx": {"path":"/Users/bogom/Desktop/nest-auth/client/src/components/auth/social.tsx","statementMap":{"0":{"start":{"line":5,"column":15},"end":{"line":16,"column":1}},"1":{"start":{"line":6,"column":2},"end":{"line":15,"column":3}}},"fnMap":{"0":{"name":"(anonymous_0)","decl":{"start":{"line":5,"column":15},"end":{"line":5,"column":16}},"loc":{"start":{"line":5,"column":21},"end":{"line":16,"column":1}},"line":5}},"branchMap":{},"s":{"0":0,"1":0},"f":{"0":0},"b":{}}
,"/Users/bogom/Desktop/nest-auth/client/src/components/header/index.tsx": {"path":"/Users/bogom/Desktop/nest-auth/client/src/components/header/index.tsx","statementMap":{"0":{"start":{"line":5,"column":2},"end":{"line":10,"column":3}}},"fnMap":{"0":{"name":"Header","decl":{"start":{"line":4,"column":24},"end":{"line":4,"column":30}},"loc":{"start":{"line":4,"column":33},"end":{"line":11,"column":1}},"line":4}},"branchMap":{},"s":{"0":0},"f":{"0":0},"b":{}}
,"/Users/bogom/Desktop/nest-auth/client/src/components/header/links.tsx": {"path":"/Users/bogom/Desktop/nest-auth/client/src/components/header/links.tsx","statementMap":{"0":{"start":{"line":5,"column":2},"end":{"line":17,"column":3}}},"fnMap":{"0":{"name":"Links","decl":{"start":{"line":4,"column":24},"end":{"line":4,"column":29}},"loc":{"start":{"line":4,"column":32},"end":{"line":18,"column":1}},"line":4}},"branchMap":{},"s":{"0":0},"f":{"0":0},"b":{}}
,"/Users/bogom/Desktop/nest-auth/client/src/components/header/profile-button.tsx": {"path":"/Users/bogom/Desktop/nest-auth/client/src/components/header/profile-button.tsx","statementMap":{"0":{"start":{"line":20,"column":19},"end":{"line":20,"column":28}},"1":{"start":{"line":21,"column":15},"end":{"line":23,"column":17}},"2":{"start":{"line":24,"column":2},"end":{"line":76,"column":3}}},"fnMap":{"0":{"name":"ProfileButton","decl":{"start":{"line":19,"column":24},"end":{"line":19,"column":37}},"loc":{"start":{"line":19,"column":40},"end":{"line":77,"column":1}},"line":19}},"branchMap":{"0":{"loc":{"start":{"line":21,"column":15},"end":{"line":23,"column":17}},"type":"cond-expr","locations":[{"start":{"line":22,"column":6},"end":{"line":22,"column":63}},{"start":{"line":23,"column":6},"end":{"line":23,"column":17}}],"line":21},"1":{"loc":{"start":{"line":26,"column":7},"end":{"line":74,"column":7}},"type":"cond-expr","locations":[{"start":{"line":27,"column":8},"end":{"line":49,"column":23}},{"start":{"line":51,"column":8},"end":{"line":73,"column":14}}],"line":26}},"s":{"0":0,"1":0,"2":0},"f":{"0":0},"b":{"0":[0,0],"1":[0,0]}}
,"/Users/bogom/Desktop/nest-auth/client/src/components/settings/info.tsx": {"path":"/Users/bogom/Desktop/nest-auth/client/src/components/settings/info.tsx","statementMap":{"0":{"start":{"line":11,"column":19},"end":{"line":11,"column":28}},"1":{"start":{"line":12,"column":15},"end":{"line":12,"column":68}},"2":{"start":{"line":14,"column":2},"end":{"line":41,"column":3}}},"fnMap":{"0":{"name":"UserInfo","decl":{"start":{"line":10,"column":24},"end":{"line":10,"column":32}},"loc":{"start":{"line":10,"column":35},"end":{"line":42,"column":1}},"line":10}},"branchMap":{},"s":{"0":0,"1":0,"2":0},"f":{"0":0},"b":{}}
,"/Users/bogom/Desktop/nest-auth/client/src/lib/axios.ts": {"path":"/Users/bogom/Desktop/nest-auth/client/src/lib/axios.ts","statementMap":{"0":{"start":{"line":4,"column":13},"end":{"line":7,"column":2}},"1":{"start":{"line":9,"column":0},"end":{"line":12,"column":2}},"2":{"start":{"line":10,"column":2},"end":{"line":10,"column":72}},"3":{"start":{"line":11,"column":2},"end":{"line":11,"column":15}},"4":{"start":{"line":14,"column":0},"end":{"line":39,"column":1}},"5":{"start":{"line":16,"column":4},"end":{"line":16,"column":17}},"6":{"start":{"line":19,"column":28},"end":{"line":19,"column":40}},"7":{"start":{"line":20,"column":4},"end":{"line":36,"column":5}},"8":{"start":{"line":25,"column":6},"end":{"line":25,"column":37}},"9":{"start":{"line":26,"column":6},"end":{"line":35,"column":7}},"10":{"start":{"line":27,"column":25},"end":{"line":30,"column":9}},"11":{"start":{"line":31,"column":8},"end":{"line":31,"column":68}},"12":{"start":{"line":32,"column":8},"end":{"line":32,"column":44}},"13":{"start":{"line":34,"column":8},"end":{"line":34,"column":45}},"14":{"start":{"line":37,"column":4},"end":{"line":37,"column":15}}},"fnMap":{"0":{"name":"(anonymous_0)","decl":{"start":{"line":9,"column":30},"end":{"line":9,"column":31}},"loc":{"start":{"line":9,"column":42},"end":{"line":12,"column":1}},"line":9},"1":{"name":"(anonymous_1)","decl":{"start":{"line":15,"column":2},"end":{"line":15,"column":3}},"loc":{"start":{"line":15,"column":14},"end":{"line":17,"column":3}},"line":15},"2":{"name":"(anonymous_2)","decl":{"start":{"line":18,"column":2},"end":{"line":18,"column":3}},"loc":{"start":{"line":18,"column":19},"end":{"line":38,"column":3}},"line":18}},"branchMap":{"0":{"loc":{"start":{"line":20,"column":4},"end":{"line":36,"column":5}},"type":"if","locations":[{"start":{"line":20,"column":4},"end":{"line":36,"column":5}},{"start":{},"end":{}}],"line":20},"1":{"loc":{"start":{"line":21,"column":6},"end":{"line":23,"column":28}},"type":"binary-expr","locations":[{"start":{"line":21,"column":6},"end":{"line":21,"column":34}},{"start":{"line":22,"column":6},"end":{"line":22,"column":18}},{"start":{"line":23,"column":6},"end":{"line":23,"column":28}}],"line":21}},"s":{"0":0,"1":0,"2":0,"3":0,"4":0,"5":0,"6":0,"7":0,"8":0,"9":0,"10":0,"11":0,"12":0,"13":0,"14":0},"f":{"0":0,"1":0,"2":0},"b":{"0":[0,0],"1":[0,0,0]}}
,"/Users/bogom/Desktop/nest-auth/client/src/pages/blog.tsx": {"path":"/Users/bogom/Desktop/nest-auth/client/src/pages/blog.tsx","statementMap":{"0":{"start":{"line":2,"column":2},"end":{"line":2,"column":20}}},"fnMap":{"0":{"name":"BlogPage","decl":{"start":{"line":1,"column":24},"end":{"line":1,"column":32}},"loc":{"start":{"line":1,"column":35},"end":{"line":3,"column":1}},"line":1}},"branchMap":{},"s":{"0":0},"f":{"0":0},"b":{}}
,"/Users/bogom/Desktop/nest-auth/client/src/pages/create-post.tsx": {"path":"/Users/bogom/Desktop/nest-auth/client/src/pages/create-post.tsx","statementMap":{"0":{"start":{"line":2,"column":2},"end":{"line":2,"column":20}}},"fnMap":{"0":{"name":"CreatePostPage","decl":{"start":{"line":1,"column":24},"end":{"line":1,"column":38}},"loc":{"start":{"line":1,"column":41},"end":{"line":3,"column":1}},"line":1}},"branchMap":{},"s":{"0":0},"f":{"0":0},"b":{}}
,"/Users/bogom/Desktop/nest-auth/client/src/pages/login.tsx": {"path":"/Users/bogom/Desktop/nest-auth/client/src/pages/login.tsx","statementMap":{"0":{"start":{"line":4,"column":2},"end":{"line":4,"column":22}}},"fnMap":{"0":{"name":"LoginPage","decl":{"start":{"line":3,"column":24},"end":{"line":3,"column":33}},"loc":{"start":{"line":3,"column":36},"end":{"line":5,"column":1}},"line":3}},"branchMap":{},"s":{"0":0},"f":{"0":0},"b":{}}
,"/Users/bogom/Desktop/nest-auth/client/src/pages/main.tsx": {"path":"/Users/bogom/Desktop/nest-auth/client/src/pages/main.tsx","statementMap":{"0":{"start":{"line":2,"column":2},"end":{"line":6,"column":3}}},"fnMap":{"0":{"name":"MainPage","decl":{"start":{"line":1,"column":24},"end":{"line":1,"column":32}},"loc":{"start":{"line":1,"column":35},"end":{"line":7,"column":1}},"line":1}},"branchMap":{},"s":{"0":0},"f":{"0":0},"b":{}}
,"/Users/bogom/Desktop/nest-auth/client/src/pages/registration.tsx": {"path":"/Users/bogom/Desktop/nest-auth/client/src/pages/registration.tsx","statementMap":{"0":{"start":{"line":4,"column":2},"end":{"line":4,"column":25}}},"fnMap":{"0":{"name":"RegistrationPage","decl":{"start":{"line":3,"column":24},"end":{"line":3,"column":40}},"loc":{"start":{"line":3,"column":43},"end":{"line":5,"column":1}},"line":3}},"branchMap":{},"s":{"0":0},"f":{"0":0},"b":{}}
,"/Users/bogom/Desktop/nest-auth/client/src/pages/settings.tsx": {"path":"/Users/bogom/Desktop/nest-auth/client/src/pages/settings.tsx","statementMap":{"0":{"start":{"line":4,"column":2},"end":{"line":8,"column":3}}},"fnMap":{"0":{"name":"Settings","decl":{"start":{"line":3,"column":24},"end":{"line":3,"column":32}},"loc":{"start":{"line":3,"column":35},"end":{"line":9,"column":1}},"line":3}},"branchMap":{},"s":{"0":0},"f":{"0":0},"b":{}}
,"/Users/bogom/Desktop/nest-auth/client/src/schemas/index.ts": {"path":"/Users/bogom/Desktop/nest-auth/client/src/schemas/index.ts","statementMap":{"0":{"start":{"line":2,"column":30},"end":{"line":12,"column":4}},"1":{"start":{"line":9,"column":20},"end":{"line":9,"column":57}},"2":{"start":{"line":14,"column":27},"end":{"line":17,"column":2}}},"fnMap":{"0":{"name":"(anonymous_0)","decl":{"start":{"line":9,"column":10},"end":{"line":9,"column":11}},"loc":{"start":{"line":9,"column":20},"end":{"line":9,"column":57}},"line":9}},"branchMap":{},"s":{"0":0,"1":0,"2":0},"f":{"0":0},"b":{}}
}
